<?xml version="1.0" encoding="UTF-8"?>
<testng-results ignored="0" total="1" passed="1" failed="0" skipped="0">
  <reporter-output>
  </reporter-output>
  <suite started-at="2024-12-03T10:22:40 IST" name="Default suite" finished-at="2024-12-03T10:22:46 IST" duration-ms="5314">
    <groups>
    </groups>
    <test started-at="2024-12-03T10:22:40 IST" name="Default test" finished-at="2024-12-03T10:22:46 IST" duration-ms="5314">
      <class name="demo.testcase">
        <test-method signature="launch()[pri:0, instance:demo.testcase@8519cb4]" started-at="2024-12-03T10:22:40 IST" name="launch" finished-at="2024-12-03T10:22:46 IST" duration-ms="5279" status="PASS">
          <reporter-output>
          </reporter-output>
        </test-method> <!-- launch -->
      </class> <!-- demo.testcase -->
    </test> <!-- Default test -->
  </suite> <!-- Default suite -->
</testng-results>
